0 info it worked if it ends with ok
1 verbose cli [ '/usr/bin/nodejs', '/usr/bin/npm', 'publish' ]
2 info using npm@3.9.3
3 info using node@v6.2.1
4 verbose publish [ '.' ]
5 silly cache add args [ '.', null ]
6 verbose cache add spec .
7 silly cache add parsed spec Result {
7 silly cache add   raw: '.',
7 silly cache add   scope: null,
7 silly cache add   name: null,
7 silly cache add   rawSpec: '.',
7 silly cache add   spec: '/var/www/country-for-js',
7 silly cache add   type: 'directory' }
8 verbose addLocalDirectory /home/sunny/.npm/sun-country/1.0.1/package.tgz not in flight; packing
9 verbose correctMkdir /home/sunny/.npm correctMkdir not in flight; initializing
10 info lifecycle sun-country@1.0.1~prepublish: sun-country@1.0.1
11 verbose lifecycle sun-country@1.0.1~prepublish: unsafe-perm in lifecycle true
12 verbose lifecycle sun-country@1.0.1~prepublish: PATH: /usr/lib/node_modules/npm/bin/node-gyp-bin:/var/www/country-for-js/node_modules/.bin:/usr/bin:/usr/local/sbin:/usr/local/bin:/usr/sbin:/usr/bin:/sbin:/bin:/usr/games:/usr/local/games:/snap/bin
13 verbose lifecycle sun-country@1.0.1~prepublish: CWD: /var/www/country-for-js
14 silly lifecycle sun-country@1.0.1~prepublish: Args: [ '-c', 'babel src/ -d es5/' ]
15 silly lifecycle sun-country@1.0.1~prepublish: Returned: code: 0  signal: null
16 verbose tar pack [ '/home/sunny/.npm/sun-country/1.0.1/package.tgz',
16 verbose tar pack   '/var/www/country-for-js' ]
17 verbose tarball /home/sunny/.npm/sun-country/1.0.1/package.tgz
18 verbose folder /var/www/country-for-js
19 verbose addLocalTarball adding from inside cache /home/sunny/.npm/sun-country/1.0.1/package.tgz
20 verbose correctMkdir /home/sunny/.npm correctMkdir not in flight; initializing
21 silly cache afterAdd sun-country@1.0.1
22 verbose afterAdd /home/sunny/.npm/sun-country/1.0.1/package/package.json not in flight; writing
23 verbose correctMkdir /home/sunny/.npm correctMkdir not in flight; initializing
24 verbose afterAdd /home/sunny/.npm/sun-country/1.0.1/package/package.json written
25 silly publish { name: 'sun-country',
25 silly publish   version: '1.0.1',
25 silly publish   description: 'Sun Country is the package that helps you to get country name and dialing code by the country ISO 3166-1 Alpha-2 code.',
25 silly publish   homepage: 'https://github.com/IftekherSunny/Country-For-JS',
25 silly publish   author:
25 silly publish    { name: 'Iftekher Sunny',
25 silly publish      email: 'iftekhersunny@hotmail.com',
25 silly publish      url: 'iftekhersunny.com' },
25 silly publish   repository:
25 silly publish    { type: 'git',
25 silly publish      url: 'git+https://github.com/iftekhersunny/Country-For-JS.git' },
25 silly publish   bugs: { url: 'https://github.com/iftekhersunny/Country-For-JS/issues' },
25 silly publish   licenses:
25 silly publish    [ { type: 'MIT',
25 silly publish        url: 'https://github.com/iftekhersunny/Country-For-JS/blob/master/LICENSE' } ],
25 silly publish   main: './es5/index.js',
25 silly publish   engines: { node: '>= 0.6.0' },
25 silly publish   scripts:
25 silly publish    { build: 'gulp',
25 silly publish      test: 'mocha --compilers js:babel-core/register test/**/*.spec.js',
25 silly publish      'test:watch': 'mocha --compilers js:babel-core/register test/**/*.spec.js -w',
25 silly publish      prepublish: 'babel src/ -d es5/' },
25 silly publish   keywords:
25 silly publish    [ 'country',
25 silly publish      'country code',
25 silly publish      'country name',
25 silly publish      'country json',
25 silly publish      'country list',
25 silly publish      'sun country' ],
25 silly publish   dependencies: { lodash: '^4.13.1' },
25 silly publish   devDependencies:
25 silly publish    { babel: '^6.5.2',
25 silly publish      'babel-core': '^6.10.4',
25 silly publish      'babel-preset-es2015': '^6.9.0',
25 silly publish      'babel-preset-stage-1': '^6.5.0',
25 silly publish      babelify: '^7.3.0',
25 silly publish      chai: '^3.5.0',
25 silly publish      gulp: '^3.9.1',
25 silly publish      'gulp-browserify': '^0.5.1',
25 silly publish      'gulp-notify': '^2.2.0',
25 silly publish      'gulp-rename': '^1.2.2',
25 silly publish      'gulp-sourcemaps': '^1.6.0',
25 silly publish      'gulp-uglify': '^1.5.4',
25 silly publish      'gulp-watch': '^4.3.8',
25 silly publish      mocha: '^2.5.3' },
25 silly publish   readme: '### Country\n\n[![Build Status](https://travis-ci.org/IftekherSunny/Country-For-JS.svg?branch=master)](https://travis-ci.org/IftekherSunny/Country-For-JS) [![Total Downloads](https://img.shields.io/npm/dt/sun-country.svg)](https://www.npmjs.com/package/sun-country) [![Version](https://img.shields.io/npm/v/sun-country.svg)](https://www.npmjs.com/package/sun-country) [![License](https://img.shields.io/github/license/iftekhersunny/country-for-js.svg)](https://github.com/iftekhersunny/Country-For-JS/blob/master/LICENSE)\n\nSun Country is the package that helps you to get country name and dialing code by the country ISO 3166-1 Alpha-2 code.\n\n### Basic Uses\n\n##### Get all countries name and dialing code\n\n```javascript\nvar country = new Country;\ncountry.get();\n```\n\n##### Get a country name and dialing code\n\n```javascript\nvar country = new Country;\ncountry.get(\'BD\');\n```\n\n##### Get multiple countries name and dialing code\n\n```javascript\nvar country = new Country;\ncountry.get([\'BD\', \'US\']);\n```\n\n##### Get a country name\n\n```javascript\nvar country = new Country;\ncountry.getName(\'BD\');\n```\n\n##### Get a country dialing code\n\n```javascript\nvar country = new Country;\ncountry.getDialingCode(\'BD\');\n```\n\n### Build\n\n```\nnpm run build\n```\n\n### Test\n\n##### Run tests\n\n```\nnpm test\n```\n\n##### Run tests in watch mode\n\n```\nnpm test:watch\n```\n\n### License\nThis package is licensed under the [MIT License](https://github.com/iftekhersunny/Country-For-JS/blob/master/LICENSE)',
25 silly publish   readmeFilename: 'README.md',
25 silly publish   gitHead: '011c3b237281baeb3556f258e844004021fe7830',
25 silly publish   _id: 'sun-country@1.0.1',
25 silly publish   _shasum: '3cbcb9eb48da1510e9d9f523a24a8a90415a2660',
25 silly publish   _from: '.' }
26 verbose getPublishConfig undefined
27 silly mapToRegistry name sun-country
28 silly mapToRegistry using default registry
29 silly mapToRegistry registry https://registry.npmjs.org/
30 silly mapToRegistry data Result {
30 silly mapToRegistry   raw: 'sun-country',
30 silly mapToRegistry   scope: null,
30 silly mapToRegistry   name: 'sun-country',
30 silly mapToRegistry   rawSpec: '',
30 silly mapToRegistry   spec: 'latest',
30 silly mapToRegistry   type: 'tag' }
31 silly mapToRegistry uri https://registry.npmjs.org/sun-country
32 verbose publish registryBase https://registry.npmjs.org/
33 silly publish uploading /home/sunny/.npm/sun-country/1.0.1/package.tgz
34 verbose request uri https://registry.npmjs.org/sun-country
35 verbose request sending authorization for write operation
36 info attempt registry request try #1 at 11:35:53 PM
37 verbose request using bearer token for auth
38 verbose request id 3eab50b83c35a1de
39 http request PUT https://registry.npmjs.org/sun-country
40 http 403 https://registry.npmjs.org/sun-country
41 verbose headers { 'content-type': 'application/json',
41 verbose headers   'cache-control': 'max-age=300',
41 verbose headers   'content-length': '95',
41 verbose headers   'accept-ranges': 'bytes',
41 verbose headers   date: 'Sun, 10 Jul 2016 17:35:56 GMT',
41 verbose headers   via: '1.1 varnish',
41 verbose headers   connection: 'keep-alive',
41 verbose headers   'x-served-by': 'cache-sin6923-SIN',
41 verbose headers   'x-cache': 'MISS',
41 verbose headers   'x-cache-hits': '0',
41 verbose headers   'x-timer': 'S1468172154.963882,VS0,VE1804',
41 verbose headers   vary: 'Accept-Encoding' }
42 verbose request invalidating /home/sunny/.npm/registry.npmjs.org/sun-country on PUT
43 error publish Failed PUT 403
44 verbose stack Error: "You cannot publish over the previously published version 1.0.1." : sun-country
44 verbose stack     at makeError (/usr/lib/node_modules/npm/node_modules/npm-registry-client/lib/request.js:264:12)
44 verbose stack     at CachingRegistryClient.<anonymous> (/usr/lib/node_modules/npm/node_modules/npm-registry-client/lib/request.js:252:14)
44 verbose stack     at Request._callback (/usr/lib/node_modules/npm/node_modules/npm-registry-client/lib/request.js:172:14)
44 verbose stack     at Request.self.callback (/usr/lib/node_modules/npm/node_modules/request/request.js:200:22)
44 verbose stack     at emitTwo (events.js:106:13)
44 verbose stack     at Request.emit (events.js:191:7)
44 verbose stack     at Request.<anonymous> (/usr/lib/node_modules/npm/node_modules/request/request.js:1067:10)
44 verbose stack     at emitOne (events.js:101:20)
44 verbose stack     at Request.emit (events.js:188:7)
44 verbose stack     at IncomingMessage.<anonymous> (/usr/lib/node_modules/npm/node_modules/request/request.js:988:12)
45 verbose statusCode 403
46 verbose pkgid sun-country
47 verbose cwd /var/www/country-for-js
48 error Linux 4.4.0-28-generic
49 error argv "/usr/bin/nodejs" "/usr/bin/npm" "publish"
50 error node v6.2.1
51 error npm  v3.9.3
52 error code E403
53 error "You cannot publish over the previously published version 1.0.1." : sun-country
54 error If you need help, you may report this error at:
54 error     <https://github.com/npm/npm/issues>
55 verbose exit [ 1, true ]
